{"/home/codetime/Documents/programacion/react/03-gifs-app/src/GIfsApp.tsx": {"path":"/home/codetime/Documents/programacion/react/03-gifs-app/src/GIfsApp.tsx","all":false,"statementMap":{"1":{"start":{"line":2,"column":0},"end":{"line":2,"column":51}},"2":{"start":{"line":3,"column":0},"end":{"line":3,"column":46}},"3":{"start":{"line":4,"column":0},"end":{"line":4,"column":58}},"4":{"start":{"line":5,"column":0},"end":{"line":5,"column":63}},"5":{"start":{"line":6,"column":0},"end":{"line":6,"column":57}},"8":{"start":{"line":9,"column":0},"end":{"line":9,"column":30}},"9":{"start":{"line":10,"column":0},"end":{"line":10,"column":77}},"12":{"start":{"line":13,"column":0},"end":{"line":13,"column":10}},"13":{"start":{"line":14,"column":0},"end":{"line":14,"column":5}},"14":{"start":{"line":15,"column":0},"end":{"line":15,"column":44}},"16":{"start":{"line":17,"column":0},"end":{"line":17,"column":75}},"18":{"start":{"line":19,"column":0},"end":{"line":19,"column":83}},"20":{"start":{"line":21,"column":0},"end":{"line":21,"column":26}},"23":{"start":{"line":24,"column":0},"end":{"line":24,"column":1}}},"s":{"1":1,"2":1,"3":1,"4":1,"5":1,"8":1,"9":1,"12":1,"13":1,"14":1,"16":1,"18":1,"20":1,"23":1},"branchMap":{"0":{"type":"branch","line":9,"loc":{"start":{"line":9,"column":23},"end":{"line":24,"column":1}},"locations":[{"start":{"line":9,"column":23},"end":{"line":24,"column":1}}]}},"b":{"0":[1]},"fnMap":{"0":{"name":"GifsApp","decl":{"start":{"line":9,"column":23},"end":{"line":24,"column":1}},"loc":{"start":{"line":9,"column":23},"end":{"line":24,"column":1}},"line":9}},"f":{"0":1}}
,"/home/codetime/Documents/programacion/react/03-gifs-app/src/main.tsx": {"path":"/home/codetime/Documents/programacion/react/03-gifs-app/src/main.tsx","all":true,"statementMap":{"0":{"start":{"line":1,"column":0},"end":{"line":1,"column":34}},"1":{"start":{"line":2,"column":0},"end":{"line":2,"column":45}},"2":{"start":{"line":3,"column":0},"end":{"line":3,"column":20}},"3":{"start":{"line":4,"column":0},"end":{"line":4,"column":35}},"6":{"start":{"line":7,"column":0},"end":{"line":7,"column":52}},"7":{"start":{"line":8,"column":0},"end":{"line":8,"column":14}},"8":{"start":{"line":9,"column":0},"end":{"line":9,"column":15}}},"s":{"0":0,"1":0,"2":0,"3":0,"6":0,"7":0,"8":0},"branchMap":{"0":{"type":"branch","line":1,"loc":{"start":{"line":1,"column":243},"end":{"line":12,"column":1}},"locations":[{"start":{"line":1,"column":243},"end":{"line":12,"column":1}}]}},"b":{"0":[0]},"fnMap":{"0":{"name":"(empty-report)","decl":{"start":{"line":1,"column":243},"end":{"line":12,"column":1}},"loc":{"start":{"line":1,"column":243},"end":{"line":12,"column":1}},"line":1}},"f":{"0":0}}
,"/home/codetime/Documents/programacion/react/03-gifs-app/src/counter/components/MyCounterApp.tsx": {"path":"/home/codetime/Documents/programacion/react/03-gifs-app/src/counter/components/MyCounterApp.tsx","all":false,"statementMap":{"0":{"start":{"line":1,"column":0},"end":{"line":1,"column":48}},"3":{"start":{"line":4,"column":0},"end":{"line":4,"column":35}},"4":{"start":{"line":5,"column":0},"end":{"line":5,"column":77}},"6":{"start":{"line":7,"column":0},"end":{"line":7,"column":10}},"7":{"start":{"line":8,"column":0},"end":{"line":8,"column":79}},"8":{"start":{"line":9,"column":0},"end":{"line":9,"column":34}},"10":{"start":{"line":11,"column":0},"end":{"line":11,"column":51}},"11":{"start":{"line":12,"column":0},"end":{"line":12,"column":51}},"12":{"start":{"line":13,"column":0},"end":{"line":13,"column":57}},"13":{"start":{"line":14,"column":0},"end":{"line":14,"column":56}},"17":{"start":{"line":18,"column":0},"end":{"line":18,"column":1}}},"s":{"0":1,"3":1,"4":8,"6":8,"7":8,"8":8,"10":8,"11":8,"12":8,"13":8,"17":8},"branchMap":{"0":{"type":"branch","line":4,"loc":{"start":{"line":4,"column":28},"end":{"line":18,"column":1}},"locations":[{"start":{"line":4,"column":28},"end":{"line":18,"column":1}}]}},"b":{"0":[8]},"fnMap":{"0":{"name":"MyCounterApp","decl":{"start":{"line":4,"column":28},"end":{"line":18,"column":1}},"loc":{"start":{"line":4,"column":28},"end":{"line":18,"column":1}},"line":4}},"f":{"0":8}}
,"/home/codetime/Documents/programacion/react/03-gifs-app/src/counter/hooks/useCounter.tsx": {"path":"/home/codetime/Documents/programacion/react/03-gifs-app/src/counter/hooks/useCounter.tsx","all":false,"statementMap":{"0":{"start":{"line":1,"column":0},"end":{"line":1,"column":32}},"2":{"start":{"line":3,"column":0},"end":{"line":3,"column":59}},"3":{"start":{"line":4,"column":0},"end":{"line":4,"column":57}},"5":{"start":{"line":6,"column":0},"end":{"line":6,"column":29}},"6":{"start":{"line":7,"column":0},"end":{"line":7,"column":30}},"7":{"start":{"line":8,"column":0},"end":{"line":8,"column":5}},"9":{"start":{"line":10,"column":0},"end":{"line":10,"column":36}},"10":{"start":{"line":11,"column":0},"end":{"line":11,"column":47}},"11":{"start":{"line":12,"column":0},"end":{"line":12,"column":5}},"13":{"start":{"line":14,"column":0},"end":{"line":14,"column":31}},"14":{"start":{"line":15,"column":0},"end":{"line":15,"column":32}},"15":{"start":{"line":16,"column":0},"end":{"line":16,"column":5}},"17":{"start":{"line":18,"column":0},"end":{"line":18,"column":12}},"18":{"start":{"line":19,"column":0},"end":{"line":19,"column":17}},"19":{"start":{"line":20,"column":0},"end":{"line":20,"column":16}},"21":{"start":{"line":22,"column":0},"end":{"line":22,"column":27}},"22":{"start":{"line":23,"column":0},"end":{"line":23,"column":18}},"23":{"start":{"line":24,"column":0},"end":{"line":24,"column":24}},"24":{"start":{"line":25,"column":0},"end":{"line":25,"column":19}},"26":{"start":{"line":27,"column":0},"end":{"line":27,"column":5}},"27":{"start":{"line":28,"column":0},"end":{"line":28,"column":1}}},"s":{"0":1,"2":1,"3":12,"5":12,"6":2,"7":2,"9":12,"10":2,"11":2,"13":12,"14":1,"15":1,"17":12,"18":12,"19":12,"21":12,"22":12,"23":12,"24":12,"26":12,"27":12},"branchMap":{"0":{"type":"branch","line":3,"loc":{"start":{"line":3,"column":26},"end":{"line":28,"column":1}},"locations":[{"start":{"line":3,"column":26},"end":{"line":28,"column":1}}]},"1":{"type":"branch","line":6,"loc":{"start":{"line":6,"column":22},"end":{"line":8,"column":5}},"locations":[{"start":{"line":6,"column":22},"end":{"line":8,"column":5}}]},"2":{"type":"branch","line":10,"loc":{"start":{"line":10,"column":29},"end":{"line":12,"column":5}},"locations":[{"start":{"line":10,"column":29},"end":{"line":12,"column":5}}]},"3":{"type":"branch","line":11,"loc":{"start":{"line":11,"column":19},"end":{"line":11,"column":47}},"locations":[{"start":{"line":11,"column":19},"end":{"line":11,"column":47}}]},"4":{"type":"branch","line":14,"loc":{"start":{"line":14,"column":24},"end":{"line":16,"column":5}},"locations":[{"start":{"line":14,"column":24},"end":{"line":16,"column":5}}]}},"b":{"0":[12],"1":[2],"2":[2],"3":[2],"4":[1]},"fnMap":{"0":{"name":"useCounter","decl":{"start":{"line":3,"column":26},"end":{"line":28,"column":1}},"loc":{"start":{"line":3,"column":26},"end":{"line":28,"column":1}},"line":3},"1":{"name":"handleAdd","decl":{"start":{"line":6,"column":22},"end":{"line":8,"column":5}},"loc":{"start":{"line":6,"column":22},"end":{"line":8,"column":5}},"line":6},"2":{"name":"handleSubstract","decl":{"start":{"line":10,"column":29},"end":{"line":12,"column":5}},"loc":{"start":{"line":10,"column":29},"end":{"line":12,"column":5}},"line":10},"3":{"name":"handleReset","decl":{"start":{"line":14,"column":24},"end":{"line":16,"column":5}},"loc":{"start":{"line":14,"column":24},"end":{"line":16,"column":5}},"line":14}},"f":{"0":12,"1":2,"2":2,"3":1}}
,"/home/codetime/Documents/programacion/react/03-gifs-app/src/gifs/PreviousSearches.tsx": {"path":"/home/codetime/Documents/programacion/react/03-gifs-app/src/gifs/PreviousSearches.tsx","all":false,"statementMap":{"7":{"start":{"line":8,"column":0},"end":{"line":8,"column":76}},"8":{"start":{"line":9,"column":0},"end":{"line":9,"column":10}},"9":{"start":{"line":10,"column":0},"end":{"line":10,"column":38}},"10":{"start":{"line":11,"column":0},"end":{"line":11,"column":34}},"11":{"start":{"line":12,"column":0},"end":{"line":12,"column":46}},"12":{"start":{"line":13,"column":0},"end":{"line":13,"column":36}},"13":{"start":{"line":14,"column":0},"end":{"line":14,"column":75}},"19":{"start":{"line":20,"column":0},"end":{"line":20,"column":1}}},"s":{"7":1,"8":1,"9":1,"10":1,"11":1,"12":1,"13":1,"19":1},"branchMap":{"0":{"type":"branch","line":8,"loc":{"start":{"line":8,"column":43},"end":{"line":20,"column":1}},"locations":[{"start":{"line":8,"column":43},"end":{"line":20,"column":1}}]}},"b":{"0":[1]},"fnMap":{"0":{"name":"PreviousSearches","decl":{"start":{"line":8,"column":43},"end":{"line":20,"column":1}},"loc":{"start":{"line":8,"column":43},"end":{"line":20,"column":1}},"line":8}},"f":{"0":1}}
,"/home/codetime/Documents/programacion/react/03-gifs-app/src/gifs/actions/get-gifs-by-query.action.ts": {"path":"/home/codetime/Documents/programacion/react/03-gifs-app/src/gifs/actions/get-gifs-by-query.action.ts","all":false,"statementMap":{"0":{"start":{"line":1,"column":0},"end":{"line":1,"column":43}},"4":{"start":{"line":5,"column":0},"end":{"line":5,"column":70}},"6":{"start":{"line":7,"column":0},"end":{"line":7,"column":37}},"7":{"start":{"line":8,"column":0},"end":{"line":8,"column":17}},"8":{"start":{"line":9,"column":0},"end":{"line":9,"column":5}},"10":{"start":{"line":11,"column":0},"end":{"line":11,"column":9}},"11":{"start":{"line":12,"column":0},"end":{"line":12,"column":67}},"12":{"start":{"line":13,"column":0},"end":{"line":13,"column":17}},"13":{"start":{"line":14,"column":0},"end":{"line":14,"column":21}},"14":{"start":{"line":15,"column":0},"end":{"line":15,"column":21}},"15":{"start":{"line":16,"column":0},"end":{"line":16,"column":9}},"16":{"start":{"line":17,"column":0},"end":{"line":17,"column":6}},"18":{"start":{"line":19,"column":0},"end":{"line":19,"column":45}},"19":{"start":{"line":20,"column":0},"end":{"line":20,"column":18}},"20":{"start":{"line":21,"column":0},"end":{"line":21,"column":24}},"21":{"start":{"line":22,"column":0},"end":{"line":22,"column":37}},"22":{"start":{"line":23,"column":0},"end":{"line":23,"column":49}},"23":{"start":{"line":24,"column":0},"end":{"line":24,"column":50}},"24":{"start":{"line":25,"column":0},"end":{"line":25,"column":7}},"25":{"start":{"line":26,"column":0},"end":{"line":26,"column":19}},"26":{"start":{"line":27,"column":0},"end":{"line":27,"column":27}},"27":{"start":{"line":28,"column":0},"end":{"line":28,"column":16}},"28":{"start":{"line":29,"column":0},"end":{"line":29,"column":5}},"31":{"start":{"line":32,"column":0},"end":{"line":32,"column":1}}},"s":{"0":1,"4":1,"6":6,"7":1,"8":1,"10":5,"11":5,"12":5,"13":5,"14":5,"15":5,"16":5,"18":4,"19":40,"20":40,"21":40,"22":40,"23":40,"24":40,"25":4,"26":1,"27":1,"28":1,"31":6},"branchMap":{"0":{"type":"branch","line":5,"loc":{"start":{"line":5,"column":30},"end":{"line":32,"column":1}},"locations":[{"start":{"line":5,"column":30},"end":{"line":32,"column":1}}]},"1":{"type":"branch","line":7,"loc":{"start":{"line":7,"column":36},"end":{"line":9,"column":5}},"locations":[{"start":{"line":7,"column":36},"end":{"line":9,"column":5}}]},"2":{"type":"branch","line":9,"loc":{"start":{"line":9,"column":4},"end":{"line":17,"column":6}},"locations":[{"start":{"line":9,"column":4},"end":{"line":17,"column":6}}]},"3":{"type":"branch","line":17,"loc":{"start":{"line":17,"column":4},"end":{"line":29,"column":5}},"locations":[{"start":{"line":17,"column":4},"end":{"line":29,"column":5}}]},"4":{"type":"branch","line":26,"loc":{"start":{"line":26,"column":6},"end":{"line":29,"column":5}},"locations":[{"start":{"line":26,"column":6},"end":{"line":29,"column":5}}]},"5":{"type":"branch","line":19,"loc":{"start":{"line":19,"column":34},"end":{"line":25,"column":7}},"locations":[{"start":{"line":19,"column":34},"end":{"line":25,"column":7}}]}},"b":{"0":[6],"1":[1],"2":[5],"3":[4],"4":[1],"5":[40]},"fnMap":{"0":{"name":"getGifsByQuery","decl":{"start":{"line":5,"column":30},"end":{"line":32,"column":1}},"loc":{"start":{"line":5,"column":30},"end":{"line":32,"column":1}},"line":5}},"f":{"0":6}}
,"/home/codetime/Documents/programacion/react/03-gifs-app/src/gifs/api/giphy.api.ts": {"path":"/home/codetime/Documents/programacion/react/03-gifs-app/src/gifs/api/giphy.api.ts","all":false,"statementMap":{"0":{"start":{"line":1,"column":0},"end":{"line":1,"column":25}},"2":{"start":{"line":3,"column":0},"end":{"line":3,"column":38}},"3":{"start":{"line":4,"column":0},"end":{"line":4,"column":45}},"4":{"start":{"line":5,"column":0},"end":{"line":5,"column":13}},"5":{"start":{"line":6,"column":0},"end":{"line":6,"column":18}},"6":{"start":{"line":7,"column":0},"end":{"line":7,"column":52}},"7":{"start":{"line":8,"column":0},"end":{"line":8,"column":5}},"8":{"start":{"line":9,"column":0},"end":{"line":9,"column":2}}},"s":{"0":1,"2":1,"3":1,"4":1,"5":1,"6":1,"7":1,"8":1},"branchMap":{},"b":{},"fnMap":{},"f":{}}
,"/home/codetime/Documents/programacion/react/03-gifs-app/src/gifs/components/GifList.tsx": {"path":"/home/codetime/Documents/programacion/react/03-gifs-app/src/gifs/components/GifList.tsx","all":false,"statementMap":{"6":{"start":{"line":7,"column":0},"end":{"line":7,"column":44}},"7":{"start":{"line":8,"column":0},"end":{"line":8,"column":10}},"8":{"start":{"line":9,"column":0},"end":{"line":9,"column":40}},"10":{"start":{"line":11,"column":0},"end":{"line":11,"column":27}},"11":{"start":{"line":12,"column":0},"end":{"line":12,"column":51}},"12":{"start":{"line":13,"column":0},"end":{"line":13,"column":53}},"13":{"start":{"line":14,"column":0},"end":{"line":14,"column":36}},"14":{"start":{"line":15,"column":0},"end":{"line":15,"column":55}},"20":{"start":{"line":21,"column":0},"end":{"line":21,"column":1}}},"s":{"6":1,"7":1,"8":1,"10":1,"11":1,"12":1,"13":1,"14":1,"20":1},"branchMap":{"0":{"type":"branch","line":7,"loc":{"start":{"line":7,"column":23},"end":{"line":21,"column":1}},"locations":[{"start":{"line":7,"column":23},"end":{"line":21,"column":1}}]}},"b":{"0":[1]},"fnMap":{"0":{"name":"GifList","decl":{"start":{"line":7,"column":23},"end":{"line":21,"column":1}},"loc":{"start":{"line":7,"column":23},"end":{"line":21,"column":1}},"line":7}},"f":{"0":1}}
,"/home/codetime/Documents/programacion/react/03-gifs-app/src/gifs/hooks/useGifs.tsx": {"path":"/home/codetime/Documents/programacion/react/03-gifs-app/src/gifs/hooks/useGifs.tsx","all":false,"statementMap":{"0":{"start":{"line":1,"column":0},"end":{"line":1,"column":40}},"2":{"start":{"line":3,"column":0},"end":{"line":3,"column":68}},"5":{"start":{"line":6,"column":0},"end":{"line":6,"column":47}},"7":{"start":{"line":8,"column":0},"end":{"line":8,"column":30}},"8":{"start":{"line":9,"column":0},"end":{"line":9,"column":68}},"9":{"start":{"line":10,"column":0},"end":{"line":10,"column":47}},"11":{"start":{"line":12,"column":0},"end":{"line":12,"column":55}},"14":{"start":{"line":15,"column":0},"end":{"line":15,"column":56}},"16":{"start":{"line":17,"column":0},"end":{"line":17,"column":37}},"17":{"start":{"line":18,"column":0},"end":{"line":18,"column":44}},"18":{"start":{"line":19,"column":0},"end":{"line":19,"column":18}},"19":{"start":{"line":20,"column":0},"end":{"line":20,"column":9}},"20":{"start":{"line":21,"column":0},"end":{"line":21,"column":49}},"21":{"start":{"line":22,"column":0},"end":{"line":22,"column":21}},"22":{"start":{"line":23,"column":0},"end":{"line":23,"column":39}},"23":{"start":{"line":24,"column":0},"end":{"line":24,"column":5}},"25":{"start":{"line":26,"column":0},"end":{"line":26,"column":58}},"26":{"start":{"line":27,"column":0},"end":{"line":27,"column":42}},"28":{"start":{"line":29,"column":0},"end":{"line":29,"column":37}},"30":{"start":{"line":31,"column":0},"end":{"line":31,"column":48}},"32":{"start":{"line":33,"column":0},"end":{"line":33,"column":62}},"34":{"start":{"line":35,"column":0},"end":{"line":35,"column":56}},"36":{"start":{"line":37,"column":0},"end":{"line":37,"column":29}},"38":{"start":{"line":39,"column":0},"end":{"line":39,"column":38}},"40":{"start":{"line":41,"column":0},"end":{"line":41,"column":5}},"43":{"start":{"line":44,"column":0},"end":{"line":44,"column":12}},"44":{"start":{"line":45,"column":0},"end":{"line":45,"column":16}},"45":{"start":{"line":46,"column":0},"end":{"line":46,"column":23}},"46":{"start":{"line":47,"column":0},"end":{"line":47,"column":13}},"48":{"start":{"line":49,"column":0},"end":{"line":49,"column":17}},"49":{"start":{"line":50,"column":0},"end":{"line":50,"column":26}},"50":{"start":{"line":51,"column":0},"end":{"line":51,"column":21}},"52":{"start":{"line":53,"column":0},"end":{"line":53,"column":3}},"54":{"start":{"line":55,"column":0},"end":{"line":55,"column":1}}},"s":{"0":1,"2":1,"5":1,"7":1,"8":19,"9":19,"11":19,"14":19,"16":3,"17":1,"18":1,"19":1,"20":2,"21":2,"22":2,"23":2,"25":19,"26":10,"28":10,"30":10,"32":10,"34":10,"36":10,"38":10,"40":10,"43":19,"44":19,"45":19,"46":19,"48":19,"49":19,"50":19,"52":19,"54":19},"branchMap":{"0":{"type":"branch","line":8,"loc":{"start":{"line":8,"column":23},"end":{"line":55,"column":1}},"locations":[{"start":{"line":8,"column":23},"end":{"line":55,"column":1}}]},"1":{"type":"branch","line":15,"loc":{"start":{"line":15,"column":30},"end":{"line":24,"column":5}},"locations":[{"start":{"line":15,"column":30},"end":{"line":24,"column":5}}]},"2":{"type":"branch","line":17,"loc":{"start":{"line":17,"column":36},"end":{"line":20,"column":9}},"locations":[{"start":{"line":17,"column":36},"end":{"line":20,"column":9}}]},"3":{"type":"branch","line":20,"loc":{"start":{"line":20,"column":8},"end":{"line":24,"column":5}},"locations":[{"start":{"line":20,"column":8},"end":{"line":24,"column":5}}]},"4":{"type":"branch","line":26,"loc":{"start":{"line":26,"column":26},"end":{"line":41,"column":5}},"locations":[{"start":{"line":26,"column":26},"end":{"line":41,"column":5}}]},"5":{"type":"branch","line":29,"loc":{"start":{"line":29,"column":31},"end":{"line":29,"column":37}},"locations":[{"start":{"line":29,"column":31},"end":{"line":29,"column":37}}]},"6":{"type":"branch","line":31,"loc":{"start":{"line":31,"column":42},"end":{"line":31,"column":48}},"locations":[{"start":{"line":31,"column":42},"end":{"line":31,"column":48}}]}},"b":{"0":[19],"1":[3],"2":[1],"3":[2],"4":[10],"5":[0],"6":[0]},"fnMap":{"0":{"name":"useGifs","decl":{"start":{"line":8,"column":23},"end":{"line":55,"column":1}},"loc":{"start":{"line":8,"column":23},"end":{"line":55,"column":1}},"line":8},"1":{"name":"handleTermClicked","decl":{"start":{"line":15,"column":30},"end":{"line":24,"column":5}},"loc":{"start":{"line":15,"column":30},"end":{"line":24,"column":5}},"line":15},"2":{"name":"handlerSearch","decl":{"start":{"line":26,"column":26},"end":{"line":41,"column":5}},"loc":{"start":{"line":26,"column":26},"end":{"line":41,"column":5}},"line":26}},"f":{"0":19,"1":3,"2":10}}
,"/home/codetime/Documents/programacion/react/03-gifs-app/src/gifs/interfaces/gif.interface.ts": {"path":"/home/codetime/Documents/programacion/react/03-gifs-app/src/gifs/interfaces/gif.interface.ts","all":true,"statementMap":{},"s":{},"branchMap":{"0":{"type":"branch","line":1,"loc":{"start":{"line":1,"column":105},"end":{"line":7,"column":1}},"locations":[{"start":{"line":1,"column":105},"end":{"line":7,"column":1}}]}},"b":{"0":[1]},"fnMap":{"0":{"name":"(empty-report)","decl":{"start":{"line":1,"column":105},"end":{"line":7,"column":1}},"loc":{"start":{"line":1,"column":105},"end":{"line":7,"column":1}},"line":1}},"f":{"0":1}}
,"/home/codetime/Documents/programacion/react/03-gifs-app/src/gifs/interfaces/giphy.response.ts": {"path":"/home/codetime/Documents/programacion/react/03-gifs-app/src/gifs/interfaces/giphy.response.ts","all":true,"statementMap":{},"s":{},"branchMap":{"0":{"type":"branch","line":1,"loc":{"start":{"line":1,"column":3393},"end":{"line":128,"column":1}},"locations":[{"start":{"line":1,"column":3393},"end":{"line":128,"column":1}}]}},"b":{"0":[1]},"fnMap":{"0":{"name":"(empty-report)","decl":{"start":{"line":1,"column":3393},"end":{"line":128,"column":1}},"loc":{"start":{"line":1,"column":3393},"end":{"line":128,"column":1}},"line":1}},"f":{"0":1}}
,"/home/codetime/Documents/programacion/react/03-gifs-app/src/mock-data/gifs.mock.ts": {"path":"/home/codetime/Documents/programacion/react/03-gifs-app/src/mock-data/gifs.mock.ts","all":true,"statementMap":{"3":{"start":{"line":4,"column":0},"end":{"line":4,"column":32}},"4":{"start":{"line":5,"column":0},"end":{"line":5,"column":3}},"5":{"start":{"line":6,"column":0},"end":{"line":6,"column":12}},"6":{"start":{"line":7,"column":0},"end":{"line":7,"column":29}},"7":{"start":{"line":8,"column":0},"end":{"line":8,"column":185}},"8":{"start":{"line":9,"column":0},"end":{"line":9,"column":15}},"9":{"start":{"line":10,"column":0},"end":{"line":10,"column":16}},"10":{"start":{"line":11,"column":0},"end":{"line":11,"column":4}},"11":{"start":{"line":12,"column":0},"end":{"line":12,"column":3}},"12":{"start":{"line":13,"column":0},"end":{"line":13,"column":12}},"13":{"start":{"line":14,"column":0},"end":{"line":14,"column":23}},"14":{"start":{"line":15,"column":0},"end":{"line":15,"column":70}},"15":{"start":{"line":16,"column":0},"end":{"line":16,"column":15}},"16":{"start":{"line":17,"column":0},"end":{"line":17,"column":16}},"17":{"start":{"line":18,"column":0},"end":{"line":18,"column":4}},"18":{"start":{"line":19,"column":0},"end":{"line":19,"column":3}},"19":{"start":{"line":20,"column":0},"end":{"line":20,"column":12}},"20":{"start":{"line":21,"column":0},"end":{"line":21,"column":25}},"21":{"start":{"line":22,"column":0},"end":{"line":22,"column":185}},"22":{"start":{"line":23,"column":0},"end":{"line":23,"column":15}},"23":{"start":{"line":24,"column":0},"end":{"line":24,"column":16}},"24":{"start":{"line":25,"column":0},"end":{"line":25,"column":4}},"25":{"start":{"line":26,"column":0},"end":{"line":26,"column":3}},"26":{"start":{"line":27,"column":0},"end":{"line":27,"column":12}},"27":{"start":{"line":28,"column":0},"end":{"line":28,"column":23}},"28":{"start":{"line":29,"column":0},"end":{"line":29,"column":70}},"29":{"start":{"line":30,"column":0},"end":{"line":30,"column":15}},"30":{"start":{"line":31,"column":0},"end":{"line":31,"column":16}},"31":{"start":{"line":32,"column":0},"end":{"line":32,"column":4}},"32":{"start":{"line":33,"column":0},"end":{"line":33,"column":3}},"33":{"start":{"line":34,"column":0},"end":{"line":34,"column":12}},"34":{"start":{"line":35,"column":0},"end":{"line":35,"column":30}},"35":{"start":{"line":36,"column":0},"end":{"line":36,"column":185}},"36":{"start":{"line":37,"column":0},"end":{"line":37,"column":15}},"37":{"start":{"line":38,"column":0},"end":{"line":38,"column":16}},"38":{"start":{"line":39,"column":0},"end":{"line":39,"column":4}},"39":{"start":{"line":40,"column":0},"end":{"line":40,"column":3}},"40":{"start":{"line":41,"column":0},"end":{"line":41,"column":12}},"41":{"start":{"line":42,"column":0},"end":{"line":42,"column":31}},"42":{"start":{"line":43,"column":0},"end":{"line":43,"column":185}},"43":{"start":{"line":44,"column":0},"end":{"line":44,"column":15}},"44":{"start":{"line":45,"column":0},"end":{"line":45,"column":16}},"45":{"start":{"line":46,"column":0},"end":{"line":46,"column":4}},"46":{"start":{"line":47,"column":0},"end":{"line":47,"column":2}}},"s":{"3":0,"4":0,"5":0,"6":0,"7":0,"8":0,"9":0,"10":0,"11":0,"12":0,"13":0,"14":0,"15":0,"16":0,"17":0,"18":0,"19":0,"20":0,"21":0,"22":0,"23":0,"24":0,"25":0,"26":0,"27":0,"28":0,"29":0,"30":0,"31":0,"32":0,"33":0,"34":0,"35":0,"36":0,"37":0,"38":0,"39":0,"40":0,"41":0,"42":0,"43":0,"44":0,"45":0,"46":0},"branchMap":{"0":{"type":"branch","line":1,"loc":{"start":{"line":1,"column":1481},"end":{"line":47,"column":2}},"locations":[{"start":{"line":1,"column":1481},"end":{"line":47,"column":2}}]}},"b":{"0":[1]},"fnMap":{"0":{"name":"(empty-report)","decl":{"start":{"line":1,"column":1481},"end":{"line":47,"column":2}},"loc":{"start":{"line":1,"column":1481},"end":{"line":47,"column":2}},"line":1}},"f":{"0":1}}
,"/home/codetime/Documents/programacion/react/03-gifs-app/src/shared/components/CustomHeader.tsx": {"path":"/home/codetime/Documents/programacion/react/03-gifs-app/src/shared/components/CustomHeader.tsx","all":false,"statementMap":{"5":{"start":{"line":6,"column":0},"end":{"line":6,"column":63}},"6":{"start":{"line":7,"column":0},"end":{"line":7,"column":10}},"7":{"start":{"line":8,"column":0},"end":{"line":8,"column":36}},"8":{"start":{"line":9,"column":0},"end":{"line":9,"column":24}},"9":{"start":{"line":10,"column":0},"end":{"line":10,"column":45}},"12":{"start":{"line":13,"column":0},"end":{"line":13,"column":1}}},"s":{"5":1,"6":4,"7":4,"8":4,"9":4,"12":4},"branchMap":{"0":{"type":"branch","line":6,"loc":{"start":{"line":6,"column":28},"end":{"line":13,"column":1}},"locations":[{"start":{"line":6,"column":28},"end":{"line":13,"column":1}}]}},"b":{"0":[4]},"fnMap":{"0":{"name":"CustomHeader","decl":{"start":{"line":6,"column":28},"end":{"line":13,"column":1}},"loc":{"start":{"line":6,"column":28},"end":{"line":13,"column":1}},"line":6}},"f":{"0":4}}
,"/home/codetime/Documents/programacion/react/03-gifs-app/src/shared/components/SearchBar.tsx": {"path":"/home/codetime/Documents/programacion/react/03-gifs-app/src/shared/components/SearchBar.tsx","all":false,"statementMap":{"0":{"start":{"line":1,"column":0},"end":{"line":1,"column":63}},"7":{"start":{"line":8,"column":0},"end":{"line":8,"column":73}},"8":{"start":{"line":9,"column":0},"end":{"line":9,"column":40}},"10":{"start":{"line":11,"column":0},"end":{"line":11,"column":19}},"11":{"start":{"line":12,"column":0},"end":{"line":12,"column":39}},"12":{"start":{"line":13,"column":0},"end":{"line":13,"column":20}},"13":{"start":{"line":14,"column":0},"end":{"line":14,"column":11}},"15":{"start":{"line":16,"column":0},"end":{"line":16,"column":17}},"16":{"start":{"line":17,"column":0},"end":{"line":17,"column":29}},"17":{"start":{"line":18,"column":0},"end":{"line":18,"column":5}},"19":{"start":{"line":20,"column":0},"end":{"line":20,"column":23}},"21":{"start":{"line":22,"column":0},"end":{"line":22,"column":28}},"22":{"start":{"line":23,"column":0},"end":{"line":23,"column":18}},"23":{"start":{"line":24,"column":0},"end":{"line":24,"column":3}},"25":{"start":{"line":26,"column":0},"end":{"line":26,"column":71}},"26":{"start":{"line":27,"column":0},"end":{"line":27,"column":29}},"27":{"start":{"line":28,"column":0},"end":{"line":28,"column":24}},"28":{"start":{"line":29,"column":0},"end":{"line":29,"column":9}},"29":{"start":{"line":30,"column":0},"end":{"line":30,"column":3}},"31":{"start":{"line":32,"column":0},"end":{"line":32,"column":10}},"32":{"start":{"line":33,"column":0},"end":{"line":33,"column":38}},"33":{"start":{"line":34,"column":0},"end":{"line":34,"column":11}},"34":{"start":{"line":35,"column":0},"end":{"line":35,"column":18}},"35":{"start":{"line":36,"column":0},"end":{"line":36,"column":32}},"36":{"start":{"line":37,"column":0},"end":{"line":37,"column":19}},"37":{"start":{"line":38,"column":0},"end":{"line":38,"column":58}},"38":{"start":{"line":39,"column":0},"end":{"line":39,"column":32}},"40":{"start":{"line":41,"column":0},"end":{"line":41,"column":50}},"44":{"start":{"line":45,"column":0},"end":{"line":45,"column":1}}},"s":{"0":1,"7":1,"8":12,"10":12,"11":12,"12":2,"13":12,"15":12,"16":12,"17":12,"19":12,"21":12,"22":1,"23":1,"25":12,"26":0,"27":0,"28":0,"29":0,"31":12,"32":12,"33":12,"34":12,"35":12,"36":12,"37":12,"38":12,"40":12,"44":12},"branchMap":{"0":{"type":"branch","line":8,"loc":{"start":{"line":8,"column":25},"end":{"line":45,"column":1}},"locations":[{"start":{"line":8,"column":25},"end":{"line":45,"column":1}}]},"1":{"type":"branch","line":11,"loc":{"start":{"line":11,"column":12},"end":{"line":20,"column":5}},"locations":[{"start":{"line":11,"column":12},"end":{"line":20,"column":5}}]},"2":{"type":"branch","line":12,"loc":{"start":{"line":12,"column":32},"end":{"line":14,"column":7}},"locations":[{"start":{"line":12,"column":32},"end":{"line":14,"column":7}}]},"3":{"type":"branch","line":16,"loc":{"start":{"line":16,"column":10},"end":{"line":18,"column":5}},"locations":[{"start":{"line":16,"column":10},"end":{"line":18,"column":5}}]},"4":{"type":"branch","line":22,"loc":{"start":{"line":22,"column":21},"end":{"line":24,"column":3}},"locations":[{"start":{"line":22,"column":21},"end":{"line":24,"column":3}}]},"5":{"type":"branch","line":38,"loc":{"start":{"line":38,"column":16},"end":{"line":38,"column":58}},"locations":[{"start":{"line":38,"column":16},"end":{"line":38,"column":58}}]}},"b":{"0":[12],"1":[12],"2":[2],"3":[12],"4":[1],"5":[6]},"fnMap":{"0":{"name":"SearchBar","decl":{"start":{"line":8,"column":25},"end":{"line":45,"column":1}},"loc":{"start":{"line":8,"column":25},"end":{"line":45,"column":1}},"line":8},"1":{"name":"handleSearch","decl":{"start":{"line":22,"column":21},"end":{"line":24,"column":3}},"loc":{"start":{"line":22,"column":21},"end":{"line":24,"column":3}},"line":22},"2":{"name":"handlerKeyDown","decl":{"start":{"line":26,"column":25},"end":{"line":30,"column":3}},"loc":{"start":{"line":26,"column":25},"end":{"line":30,"column":3}},"line":26},"3":{"name":"onChange","decl":{"start":{"line":38,"column":16},"end":{"line":38,"column":58}},"loc":{"start":{"line":38,"column":16},"end":{"line":38,"column":58}},"line":38}},"f":{"0":12,"1":1,"2":0,"3":6}}
}
